<?xml version="1.0" encoding="UTF-8"?>
<!-- Generated by org.testng.reporters.JUnitReportReporter -->
<testsuite skipped="0" hostname="User" name="testPack.UserDemoTest" tests="1" failures="0" timestamp="2020-04-02T16:45:50 IST" time="25.814" errors="0">
  <testcase name="VerifySearch" time="25.814" classname="testPack.UserDemoTest"/>
  <system-out/>
</testsuite> <!-- testPack.UserDemoTest -->
